{"/Users/diliano/Projects/bank-tech-test/src/account.js": {"path":"/Users/diliano/Projects/bank-tech-test/src/account.js","statementMap":{"0":{"start":{"line":1,"column":20},"end":{"line":1,"column":44}},"1":{"start":{"line":6,"column":4},"end":{"line":6,"column":21}},"2":{"start":{"line":7,"column":4},"end":{"line":7,"column":27}},"3":{"start":{"line":11,"column":4},"end":{"line":18,"column":5}},"4":{"start":{"line":12,"column":6},"end":{"line":12,"column":66}},"5":{"start":{"line":14,"column":19},"end":{"line":14,"column":29}},"6":{"start":{"line":15,"column":26},"end":{"line":15,"column":65}},"7":{"start":{"line":16,"column":6},"end":{"line":16,"column":42}},"8":{"start":{"line":17,"column":6},"end":{"line":17,"column":29}},"9":{"start":{"line":22,"column":17},"end":{"line":22,"column":27}},"10":{"start":{"line":23,"column":24},"end":{"line":23,"column":62}},"11":{"start":{"line":24,"column":4},"end":{"line":24,"column":40}},"12":{"start":{"line":25,"column":4},"end":{"line":25,"column":27}},"13":{"start":{"line":29,"column":19},"end":{"line":29,"column":55}},"14":{"start":{"line":30,"column":18},"end":{"line":30,"column":30}},"15":{"start":{"line":31,"column":34},"end":{"line":31,"column":36}},"16":{"start":{"line":33,"column":4},"end":{"line":42,"column":5}},"17":{"start":{"line":33,"column":17},"end":{"line":33,"column":45}},"18":{"start":{"line":34,"column":26},"end":{"line":34,"column":46}},"19":{"start":{"line":35,"column":6},"end":{"line":35,"column":79}},"20":{"start":{"line":37,"column":6},"end":{"line":41,"column":7}},"21":{"start":{"line":38,"column":8},"end":{"line":38,"column":38}},"22":{"start":{"line":40,"column":8},"end":{"line":40,"column":38}},"23":{"start":{"line":44,"column":4},"end":{"line":45,"column":49}},"24":{"start":{"line":49,"column":4},"end":{"line":49,"column":49}},"25":{"start":{"line":54,"column":0},"end":{"line":54,"column":25}}},"fnMap":{"0":{"name":"(anonymous_0)","decl":{"start":{"line":5,"column":2},"end":{"line":5,"column":3}},"loc":{"start":{"line":5,"column":16},"end":{"line":8,"column":3}},"line":5},"1":{"name":"(anonymous_1)","decl":{"start":{"line":10,"column":2},"end":{"line":10,"column":3}},"loc":{"start":{"line":10,"column":18},"end":{"line":19,"column":3}},"line":10},"2":{"name":"(anonymous_2)","decl":{"start":{"line":21,"column":2},"end":{"line":21,"column":3}},"loc":{"start":{"line":21,"column":19},"end":{"line":26,"column":3}},"line":21},"3":{"name":"(anonymous_3)","decl":{"start":{"line":28,"column":2},"end":{"line":28,"column":3}},"loc":{"start":{"line":28,"column":19},"end":{"line":46,"column":3}},"line":28},"4":{"name":"(anonymous_4)","decl":{"start":{"line":48,"column":2},"end":{"line":48,"column":3}},"loc":{"start":{"line":48,"column":42},"end":{"line":50,"column":3}},"line":48}},"branchMap":{"0":{"loc":{"start":{"line":11,"column":4},"end":{"line":18,"column":5}},"type":"if","locations":[{"start":{"line":11,"column":4},"end":{"line":18,"column":5}},{"start":{"line":13,"column":11},"end":{"line":18,"column":5}}],"line":11},"1":{"loc":{"start":{"line":37,"column":6},"end":{"line":41,"column":7}},"type":"if","locations":[{"start":{"line":37,"column":6},"end":{"line":41,"column":7}},{"start":{"line":39,"column":13},"end":{"line":41,"column":7}}],"line":37}},"s":{"0":1,"1":5,"2":5,"3":5,"4":2,"5":3,"6":3,"7":3,"8":3,"9":2,"10":2,"11":2,"12":2,"13":1,"14":1,"15":1,"16":1,"17":1,"18":2,"19":2,"20":2,"21":1,"22":1,"23":1,"24":2,"25":1},"f":{"0":5,"1":5,"2":2,"3":1,"4":2},"b":{"0":[2,3],"1":[1,1]},"_coverageSchema":"1a1c01bbd47fc00a2c39e90264f33305004495a9","hash":"6ddcb8019c125ff8b784fbc85e28e7cffdd6899d"}
,"/Users/diliano/Projects/bank-tech-test/src/transaction.js": {"path":"/Users/diliano/Projects/bank-tech-test/src/transaction.js","statementMap":{"0":{"start":{"line":4,"column":4},"end":{"line":4,"column":21}},"1":{"start":{"line":5,"column":4},"end":{"line":5,"column":21}},"2":{"start":{"line":6,"column":4},"end":{"line":6,"column":25}},"3":{"start":{"line":12,"column":26},"end":{"line":12,"column":117}},"4":{"start":{"line":14,"column":28},"end":{"line":14,"column":50}},"5":{"start":{"line":15,"column":29},"end":{"line":15,"column":47}},"6":{"start":{"line":17,"column":17},"end":{"line":17,"column":19}},"7":{"start":{"line":18,"column":16},"end":{"line":18,"column":18}},"8":{"start":{"line":20,"column":4},"end":{"line":24,"column":5}},"9":{"start":{"line":21,"column":6},"end":{"line":21,"column":31}},"10":{"start":{"line":23,"column":6},"end":{"line":23,"column":30}},"11":{"start":{"line":26,"column":4},"end":{"line":26,"column":78}},"12":{"start":{"line":31,"column":0},"end":{"line":31,"column":29}}},"fnMap":{"0":{"name":"(anonymous_0)","decl":{"start":{"line":3,"column":2},"end":{"line":3,"column":3}},"loc":{"start":{"line":3,"column":34},"end":{"line":7,"column":3}},"line":3},"1":{"name":"(anonymous_1)","decl":{"start":{"line":10,"column":2},"end":{"line":10,"column":3}},"loc":{"start":{"line":10,"column":28},"end":{"line":27,"column":3}},"line":10}},"branchMap":{"0":{"loc":{"start":{"line":20,"column":4},"end":{"line":24,"column":5}},"type":"if","locations":[{"start":{"line":20,"column":4},"end":{"line":24,"column":5}},{"start":{"line":22,"column":11},"end":{"line":24,"column":5}}],"line":20}},"s":{"0":8,"1":8,"2":8,"3":4,"4":4,"5":4,"6":4,"7":4,"8":4,"9":2,"10":2,"11":4,"12":2},"f":{"0":8,"1":4},"b":{"0":[2,2]},"_coverageSchema":"1a1c01bbd47fc00a2c39e90264f33305004495a9","hash":"002b54b4386377a1e5835830cbbe3fcc92ae7615"}
}
