TN:
SF:src/account.js
FN:5,(anonymous_0)
FN:10,(anonymous_1)
FN:18,(anonymous_2)
FN:29,(anonymous_3)
FN:50,(anonymous_4)
FN:62,(anonymous_5)
FNF:6
FNH:6
FNDA:7,(anonymous_0)
FNDA:6,(anonymous_1)
FNDA:5,(anonymous_2)
FNDA:1,(anonymous_3)
FNDA:6,(anonymous_4)
FNDA:2,(anonymous_5)
DA:1,1
DA:6,7
DA:7,7
DA:11,6
DA:12,2
DA:14,4
DA:19,5
DA:20,2
DA:22,3
DA:23,1
DA:26,2
DA:30,1
DA:31,1
DA:32,1
DA:34,1
DA:35,2
DA:36,2
DA:38,2
DA:40,1
DA:42,1
DA:46,1
DA:51,6
DA:52,6
DA:53,6
DA:55,6
DA:56,4
DA:58,2
DA:63,2
DA:68,1
LF:29
LH:29
BRDA:11,0,0,2
BRDA:11,0,1,4
BRDA:19,1,0,2
BRDA:19,1,1,3
BRDA:22,2,0,1
BRDA:22,2,1,2
BRDA:38,3,0,1
BRDA:38,3,1,1
BRDA:55,4,0,4
BRDA:55,4,1,2
BRF:10
BRH:10
end_of_record
TN:
SF:src/transaction.js
FN:3,(anonymous_0)
FN:10,(anonymous_1)
FNF:2
FNH:2
FNDA:9,(anonymous_0)
FNDA:4,(anonymous_1)
DA:4,9
DA:5,9
DA:6,9
DA:12,4
DA:14,4
DA:15,4
DA:17,4
DA:18,4
DA:20,4
DA:21,2
DA:23,2
DA:26,4
DA:31,2
LF:13
LH:13
BRDA:20,0,0,2
BRDA:20,0,1,2
BRF:2
BRH:2
end_of_record
